c:\users\andrei\desktop\spg\ws-ubisoft_andrei_bojin\ubisoft\ubisoft\x64\debug\ubisoft.pch
c:\users\andrei\desktop\spg\ws-ubisoft_andrei_bojin\ubisoft\ubisoft\x64\debug\vc120.pdb
c:\users\andrei\desktop\spg\ws-ubisoft_andrei_bojin\ubisoft\ubisoft\x64\debug\vc120.idb
c:\users\andrei\desktop\spg\ws-ubisoft_andrei_bojin\ubisoft\ubisoft\x64\debug\stdafx.obj
c:\users\andrei\desktop\spg\ws-ubisoft_andrei_bojin\ubisoft\ubisoft\x64\debug\enemy1.obj
c:\users\andrei\desktop\spg\ws-ubisoft_andrei_bojin\ubisoft\ubisoft\x64\debug\enemy2.obj
c:\users\andrei\desktop\spg\ws-ubisoft_andrei_bojin\ubisoft\ubisoft\x64\debug\mywindow.obj
c:\users\andrei\desktop\spg\ws-ubisoft_andrei_bojin\ubisoft\ubisoft\x64\debug\player.obj
c:\users\andrei\desktop\spg\ws-ubisoft_andrei_bojin\ubisoft\ubisoft\x64\debug\projectile.obj
c:\users\andrei\desktop\spg\ws-ubisoft_andrei_bojin\ubisoft\ubisoft\x64\debug\rocket.obj
c:\users\andrei\desktop\spg\ws-ubisoft_andrei_bojin\ubisoft\ubisoft\x64\debug\shader.obj
c:\users\andrei\desktop\spg\ws-ubisoft_andrei_bojin\ubisoft\ubisoft\x64\debug\sprite.obj
c:\users\andrei\desktop\spg\ws-ubisoft_andrei_bojin\ubisoft\ubisoft\x64\debug\spritemanager.obj
c:\users\andrei\desktop\spg\ws-ubisoft_andrei_bojin\ubisoft\ubisoft\x64\debug\stb_image.obj
c:\users\andrei\desktop\spg\ws-ubisoft_andrei_bojin\ubisoft\ubisoft\x64\debug\main.obj
c:\users\andrei\desktop\spg\ws-ubisoft_andrei_bojin\ubisoft\ubisoft\x64\debug\texture.obj
c:\users\andrei\desktop\spg\ws-ubisoft_andrei_bojin\ubisoft\ubisoft\x64\debug\texturemanager.obj
c:\users\andrei\desktop\spg\ws-ubisoft_andrei_bojin\ubisoft\ubisoft\x64\debug\utils.obj
c:\users\andrei\desktop\spg\ws-ubisoft_andrei_bojin\ubisoft\x64\debug\ubisoft.ilk
c:\users\andrei\desktop\spg\ws-ubisoft_andrei_bojin\ubisoft\x64\debug\ubisoft.exe
c:\users\andrei\desktop\spg\ws-ubisoft_andrei_bojin\ubisoft\x64\debug\ubisoft.pdb
c:\users\andrei\desktop\spg\ws-ubisoft_andrei_bojin\ubisoft\ubisoft\x64\debug\ubisoft.tlog\cl.command.1.tlog
c:\users\andrei\desktop\spg\ws-ubisoft_andrei_bojin\ubisoft\ubisoft\x64\debug\ubisoft.tlog\cl.read.1.tlog
c:\users\andrei\desktop\spg\ws-ubisoft_andrei_bojin\ubisoft\ubisoft\x64\debug\ubisoft.tlog\cl.write.1.tlog
c:\users\andrei\desktop\spg\ws-ubisoft_andrei_bojin\ubisoft\ubisoft\x64\debug\ubisoft.tlog\link.command.1.tlog
c:\users\andrei\desktop\spg\ws-ubisoft_andrei_bojin\ubisoft\ubisoft\x64\debug\ubisoft.tlog\link.read.1.tlog
c:\users\andrei\desktop\spg\ws-ubisoft_andrei_bojin\ubisoft\ubisoft\x64\debug\ubisoft.tlog\link.write.1.tlog
